
The following have been reloaded with a version change:
  1) pillow/7.2.0-python-3.7.4 => pillow/6.2.1


The following have been reloaded with a version change:
  1) pillow/6.2.1 => pillow/7.2.0-python-3.7.4


The following have been reloaded with a version change:
  1) icu/65.1 => icu/64.2

Epoch 1/50
----------
iteration 20 train loss: 0.0153 Acc: 0.4375
iteration 40 train loss: 0.0132 Acc: 0.5000
iteration 60 train loss: 0.0131 Acc: 0.4688
iteration 80 train loss: 0.0118 Acc: 0.5312
iteration 100 train loss: 0.0119 Acc: 0.5469
iteration 120 train loss: 0.0117 Acc: 0.4844
iteration 140 train loss: 0.0108 Acc: 0.5312
iteration 160 train loss: 0.0112 Acc: 0.5625
iteration 180 train loss: 0.0114 Acc: 0.4531
iteration 200 train loss: 0.0107 Acc: 0.5312
iteration 220 train loss: 0.0124 Acc: 0.4531
iteration 240 train loss: 0.0115 Acc: 0.5156
iteration 260 train loss: 0.0110 Acc: 0.5156
iteration 280 train loss: 0.0105 Acc: 0.6875
iteration 300 train loss: 0.0096 Acc: 0.6719
iteration 320 train loss: 0.0106 Acc: 0.5781
epoch train loss: 0.0118 Acc: 0.5361
epoch val loss: 0.0110 Acc: 0.4994
Epoch 2/50
----------
iteration 340 train loss: 0.0106 Acc: 0.7031
iteration 360 train loss: 0.0113 Acc: 0.5469
iteration 380 train loss: 0.0102 Acc: 0.5000
iteration 400 train loss: 0.0108 Acc: 0.5781
iteration 420 train loss: 0.0108 Acc: 0.5938
iteration 440 train loss: 0.0108 Acc: 0.6094
iteration 460 train loss: 0.0087 Acc: 0.7344
iteration 480 train loss: 0.0112 Acc: 0.4531
iteration 500 train loss: 0.0093 Acc: 0.7344
iteration 520 train loss: 0.0094 Acc: 0.6875
iteration 540 train loss: 0.0107 Acc: 0.5625
iteration 560 train loss: 0.0098 Acc: 0.7656
iteration 580 train loss: 0.0088 Acc: 0.7188
iteration 600 train loss: 0.0115 Acc: 0.5156
iteration 620 train loss: 0.0097 Acc: 0.6250
iteration 640 train loss: 0.0097 Acc: 0.6719
iteration 660 train loss: 0.0099 Acc: 0.7344
epoch train loss: 0.0102 Acc: 0.6160
epoch val loss: 0.0113 Acc: 0.4989
Epoch 3/50
----------
iteration 680 train loss: 0.0098 Acc: 0.5938
iteration 700 train loss: 0.0099 Acc: 0.5938
iteration 720 train loss: 0.0087 Acc: 0.7344
iteration 740 train loss: 0.0098 Acc: 0.5625
iteration 760 train loss: 0.0078 Acc: 0.7500
iteration 780 train loss: 0.0086 Acc: 0.6406
iteration 800 train loss: 0.0080 Acc: 0.7500
iteration 820 train loss: 0.0088 Acc: 0.7812
iteration 840 train loss: 0.0093 Acc: 0.6094
iteration 860 train loss: 0.0093 Acc: 0.6250
iteration 880 train loss: 0.0083 Acc: 0.6562
iteration 900 train loss: 0.0097 Acc: 0.5781
iteration 920 train loss: 0.0090 Acc: 0.6562
iteration 940 train loss: 0.0089 Acc: 0.8125
iteration 960 train loss: 0.0089 Acc: 0.7188
iteration 980 train loss: 0.0084 Acc: 0.7656
epoch train loss: 0.0093 Acc: 0.6774
epoch val loss: 0.0110 Acc: 0.4962
Epoch 4/50
----------
iteration 1000 train loss: 0.0081 Acc: 0.7344
iteration 1020 train loss: 0.0079 Acc: 0.6875
iteration 1040 train loss: 0.0079 Acc: 0.7500
iteration 1060 train loss: 0.0079 Acc: 0.7031
iteration 1080 train loss: 0.0074 Acc: 0.8438
iteration 1100 train loss: 0.0088 Acc: 0.7031
iteration 1120 train loss: 0.0076 Acc: 0.7344
iteration 1140 train loss: 0.0092 Acc: 0.7188
iteration 1160 train loss: 0.0106 Acc: 0.7031
iteration 1180 train loss: 0.0067 Acc: 0.8281
iteration 1200 train loss: 0.0080 Acc: 0.8125
iteration 1220 train loss: 0.0091 Acc: 0.6719
iteration 1240 train loss: 0.0074 Acc: 0.7344
iteration 1260 train loss: 0.0076 Acc: 0.8438
iteration 1280 train loss: 0.0081 Acc: 0.6719
iteration 1300 train loss: 0.0076 Acc: 0.7812
iteration 1320 train loss: 0.0046 Acc: 0.9062
epoch train loss: 0.0080 Acc: 0.7410
epoch val loss: 0.0117 Acc: 0.5106
Epoch 5/50
----------
iteration 1340 train loss: 0.0077 Acc: 0.8125
iteration 1360 train loss: 0.0098 Acc: 0.6875
iteration 1380 train loss: 0.0092 Acc: 0.6719
iteration 1400 train loss: 0.0066 Acc: 0.8125
iteration 1420 train loss: 0.0063 Acc: 0.8750
iteration 1440 train loss: 0.0087 Acc: 0.7188
iteration 1460 train loss: 0.0073 Acc: 0.7656
iteration 1480 train loss: 0.0075 Acc: 0.7969
iteration 1500 train loss: 0.0072 Acc: 0.8125
iteration 1520 train loss: 0.0062 Acc: 0.8125
iteration 1540 train loss: 0.0079 Acc: 0.6875
iteration 1560 train loss: 0.0080 Acc: 0.7188
iteration 1580 train loss: 0.0076 Acc: 0.7500
iteration 1600 train loss: 0.0081 Acc: 0.7344
iteration 1620 train loss: 0.0052 Acc: 0.9219
iteration 1640 train loss: 0.0067 Acc: 0.7812
epoch train loss: 0.0068 Acc: 0.7938
epoch val loss: 0.0178 Acc: 0.4590
Epoch 6/50
----------
iteration 1660 train loss: 0.0050 Acc: 0.8594
iteration 1680 train loss: 0.0072 Acc: 0.7812
iteration 1700 train loss: 0.0049 Acc: 0.8594
iteration 1720 train loss: 0.0055 Acc: 0.8125
iteration 1740 train loss: 0.0066 Acc: 0.8125
iteration 1760 train loss: 0.0062 Acc: 0.8438
iteration 1780 train loss: 0.0055 Acc: 0.8438
iteration 1800 train loss: 0.0052 Acc: 0.8906
iteration 1820 train loss: 0.0047 Acc: 0.8594
iteration 1840 train loss: 0.0064 Acc: 0.8438
iteration 1860 train loss: 0.0066 Acc: 0.8281
iteration 1880 train loss: 0.0043 Acc: 0.8906
iteration 1900 train loss: 0.0046 Acc: 0.8281
iteration 1920 train loss: 0.0051 Acc: 0.8594
iteration 1940 train loss: 0.0060 Acc: 0.7969
iteration 1960 train loss: 0.0050 Acc: 0.8281
iteration 1980 train loss: 0.0040 Acc: 0.9062
epoch train loss: 0.0055 Acc: 0.8414
epoch val loss: 0.0333 Acc: 0.3631
Epoch 7/50
----------
iteration 2000 train loss: 0.0054 Acc: 0.8281
iteration 2020 train loss: 0.0053 Acc: 0.8594
iteration 2040 train loss: 0.0047 Acc: 0.8594
iteration 2060 train loss: 0.0044 Acc: 0.9219
iteration 2080 train loss: 0.0052 Acc: 0.8438
iteration 2100 train loss: 0.0037 Acc: 0.9062
iteration 2120 train loss: 0.0067 Acc: 0.7656
iteration 2140 train loss: 0.0075 Acc: 0.8281
iteration 2160 train loss: 0.0042 Acc: 0.8750
iteration 2180 train loss: 0.0048 Acc: 0.8906
iteration 2200 train loss: 0.0038 Acc: 0.9219
iteration 2220 train loss: 0.0058 Acc: 0.7969
iteration 2240 train loss: 0.0054 Acc: 0.8125
iteration 2260 train loss: 0.0059 Acc: 0.8281
iteration 2280 train loss: 0.0049 Acc: 0.8438
iteration 2300 train loss: 0.0064 Acc: 0.8438
epoch train loss: 0.0050 Acc: 0.8587
epoch val loss: 0.0748 Acc: 0.1483
Epoch 8/50
----------
iteration 2320 train loss: 0.0040 Acc: 0.9062
iteration 2340 train loss: 0.0038 Acc: 0.8906
iteration 2360 train loss: 0.0061 Acc: 0.7812
iteration 2380 train loss: 0.0047 Acc: 0.9062
iteration 2400 train loss: 0.0069 Acc: 0.8281
iteration 2420 train loss: 0.0065 Acc: 0.7656
iteration 2440 train loss: 0.0046 Acc: 0.8750
iteration 2460 train loss: 0.0048 Acc: 0.8594
iteration 2480 train loss: 0.0036 Acc: 0.8906
iteration 2500 train loss: 0.0044 Acc: 0.9375
iteration 2520 train loss: 0.0019 Acc: 0.9375
iteration 2540 train loss: 0.0038 Acc: 0.9375
iteration 2560 train loss: 0.0022 Acc: 0.9375
iteration 2580 train loss: 0.0042 Acc: 0.9062
iteration 2600 train loss: 0.0046 Acc: 0.8594
iteration 2620 train loss: 0.0048 Acc: 0.8438
iteration 2640 train loss: 0.0034 Acc: 0.9062
epoch train loss: 0.0045 Acc: 0.8769
epoch val loss: 0.0130 Acc: 0.5533
Epoch 9/50
----------
iteration 2660 train loss: 0.0036 Acc: 0.9062
iteration 2680 train loss: 0.0045 Acc: 0.8438
iteration 2700 train loss: 0.0038 Acc: 0.8906
iteration 2720 train loss: 0.0069 Acc: 0.8281
iteration 2740 train loss: 0.0026 Acc: 0.9219
iteration 2760 train loss: 0.0033 Acc: 0.9375
iteration 2780 train loss: 0.0042 Acc: 0.9375
iteration 2800 train loss: 0.0046 Acc: 0.8594
iteration 2820 train loss: 0.0047 Acc: 0.8594
iteration 2840 train loss: 0.0041 Acc: 0.8594
iteration 2860 train loss: 0.0040 Acc: 0.9219
iteration 2880 train loss: 0.0030 Acc: 0.9688
iteration 2900 train loss: 0.0056 Acc: 0.8750
iteration 2920 train loss: 0.0030 Acc: 0.9219
iteration 2940 train loss: 0.0076 Acc: 0.7812
iteration 2960 train loss: 0.0035 Acc: 0.9219
epoch train loss: 0.0043 Acc: 0.8838
epoch val loss: 0.0120 Acc: 0.5377
Epoch 10/50
----------
iteration 2980 train loss: 0.0041 Acc: 0.8906
iteration 3000 train loss: 0.0040 Acc: 0.9062
iteration 3020 train loss: 0.0033 Acc: 0.8750
iteration 3040 train loss: 0.0046 Acc: 0.9062
iteration 3060 train loss: 0.0053 Acc: 0.8438
iteration 3080 train loss: 0.0027 Acc: 0.9375
iteration 3100 train loss: 0.0050 Acc: 0.8438
iteration 3120 train loss: 0.0037 Acc: 0.8906
iteration 3140 train loss: 0.0027 Acc: 0.9062
iteration 3160 train loss: 0.0065 Acc: 0.9062
iteration 3180 train loss: 0.0028 Acc: 0.8906
iteration 3200 train loss: 0.0039 Acc: 0.8750
iteration 3220 train loss: 0.0043 Acc: 0.8438
iteration 3240 train loss: 0.0036 Acc: 0.9375
iteration 3260 train loss: 0.0045 Acc: 0.8750
iteration 3280 train loss: 0.0052 Acc: 0.8750
iteration 3300 train loss: 0.0064 Acc: 0.8750
epoch train loss: 0.0040 Acc: 0.8889
epoch val loss: 0.0118 Acc: 0.5434
Epoch 11/50
----------
iteration 3320 train loss: 0.0047 Acc: 0.8594
iteration 3340 train loss: 0.0022 Acc: 0.9688
iteration 3360 train loss: 0.0046 Acc: 0.9375
iteration 3380 train loss: 0.0072 Acc: 0.8594
iteration 3400 train loss: 0.0055 Acc: 0.8125
iteration 3420 train loss: 0.0053 Acc: 0.8594
iteration 3440 train loss: 0.0024 Acc: 0.9219
iteration 3460 train loss: 0.0050 Acc: 0.8750
iteration 3480 train loss: 0.0027 Acc: 0.9062
iteration 3500 train loss: 0.0021 Acc: 0.9219
iteration 3520 train loss: 0.0029 Acc: 0.9375
iteration 3540 train loss: 0.0053 Acc: 0.8594
iteration 3560 train loss: 0.0024 Acc: 0.8906
iteration 3580 train loss: 0.0031 Acc: 0.9062
iteration 3600 train loss: 0.0034 Acc: 0.9219
iteration 3620 train loss: 0.0022 Acc: 0.9531
iteration 3640 train loss: 0.0057 Acc: 0.8438
epoch train loss: 0.0035 Acc: 0.9066
epoch val loss: 0.0126 Acc: 0.5355
Epoch 12/50
----------
iteration 3660 train loss: 0.0018 Acc: 0.9531
iteration 3680 train loss: 0.0032 Acc: 0.9375
iteration 3700 train loss: 0.0040 Acc: 0.8594
iteration 3720 train loss: 0.0030 Acc: 0.9375
iteration 3740 train loss: 0.0042 Acc: 0.8750
iteration 3760 train loss: 0.0038 Acc: 0.9062
iteration 3780 train loss: 0.0048 Acc: 0.8906
iteration 3800 train loss: 0.0034 Acc: 0.8906
iteration 3820 train loss: 0.0042 Acc: 0.8750
iteration 3840 train loss: 0.0026 Acc: 0.9688
iteration 3860 train loss: 0.0030 Acc: 0.9219
iteration 3880 train loss: 0.0034 Acc: 0.8906
iteration 3900 train loss: 0.0022 Acc: 0.9375
iteration 3920 train loss: 0.0034 Acc: 0.9531
iteration 3940 train loss: 0.0024 Acc: 0.9219
iteration 3960 train loss: 0.0019 Acc: 0.9531
epoch train loss: 0.0034 Acc: 0.9105
epoch val loss: 0.0114 Acc: 0.5472
Epoch 13/50
----------
iteration 3980 train loss: 0.0023 Acc: 0.9531
iteration 4000 train loss: 0.0025 Acc: 0.9219
iteration 4020 train loss: 0.0040 Acc: 0.8438
iteration 4040 train loss: 0.0043 Acc: 0.8438
iteration 4060 train loss: 0.0024 Acc: 0.9531
iteration 4080 train loss: 0.0031 Acc: 0.9531
iteration 4100 train loss: 0.0029 Acc: 0.9688
iteration 4120 train loss: 0.0031 Acc: 0.9219
iteration 4140 train loss: 0.0030 Acc: 0.9062
iteration 4160 train loss: 0.0045 Acc: 0.8594
iteration 4180 train loss: 0.0026 Acc: 0.9531
iteration 4200 train loss: 0.0029 Acc: 0.9219
iteration 4220 train loss: 0.0025 Acc: 0.9375
iteration 4240 train loss: 0.0022 Acc: 0.9531
iteration 4260 train loss: 0.0054 Acc: 0.8594
iteration 4280 train loss: 0.0037 Acc: 0.8906
iteration 4300 train loss: 0.0025 Acc: 0.9375
epoch train loss: 0.0032 Acc: 0.9140
epoch val loss: 0.0112 Acc: 0.5459
Epoch 14/50
----------
iteration 4320 train loss: 0.0029 Acc: 0.9062
iteration 4340 train loss: 0.0025 Acc: 0.9688
iteration 4360 train loss: 0.0027 Acc: 0.9375
iteration 4380 train loss: 0.0026 Acc: 0.9219
iteration 4400 train loss: 0.0051 Acc: 0.7969
iteration 4420 train loss: 0.0030 Acc: 0.9219
iteration 4440 train loss: 0.0037 Acc: 0.9375
iteration 4460 train loss: 0.0036 Acc: 0.9219
iteration 4480 train loss: 0.0027 Acc: 0.9531
iteration 4500 train loss: 0.0019 Acc: 0.9688
iteration 4520 train loss: 0.0039 Acc: 0.8750
iteration 4540 train loss: 0.0022 Acc: 0.9375
iteration 4560 train loss: 0.0028 Acc: 0.9531
iteration 4580 train loss: 0.0018 Acc: 0.9531
iteration 4600 train loss: 0.0023 Acc: 0.9688
iteration 4620 train loss: 0.0025 Acc: 0.9375
epoch train loss: 0.0031 Acc: 0.9158
epoch val loss: 0.0113 Acc: 0.5643
Epoch 15/50
----------
iteration 4640 train loss: 0.0046 Acc: 0.9062
iteration 4660 train loss: 0.0028 Acc: 0.9531
iteration 4680 train loss: 0.0023 Acc: 0.9375
iteration 4700 train loss: 0.0049 Acc: 0.8125
iteration 4720 train loss: 0.0036 Acc: 0.8906
iteration 4740 train loss: 0.0031 Acc: 0.9062
iteration 4760 train loss: 0.0039 Acc: 0.9062
iteration 4780 train loss: 0.0045 Acc: 0.8906
iteration 4800 train loss: 0.0024 Acc: 0.9375
iteration 4820 train loss: 0.0058 Acc: 0.8906
iteration 4840 train loss: 0.0034 Acc: 0.8906
iteration 4860 train loss: 0.0030 Acc: 0.9062
iteration 4880 train loss: 0.0022 Acc: 0.9219
iteration 4900 train loss: 0.0036 Acc: 0.9375
iteration 4920 train loss: 0.0021 Acc: 0.9531
iteration 4940 train loss: 0.0018 Acc: 0.9531
iteration 4960 train loss: 0.0022 Acc: 0.9219
epoch train loss: 0.0030 Acc: 0.9185
epoch val loss: 0.0111 Acc: 0.5529
Epoch 16/50
----------
iteration 4980 train loss: 0.0039 Acc: 0.9219
iteration 5000 train loss: 0.0035 Acc: 0.8906
iteration 5020 train loss: 0.0025 Acc: 0.9219
iteration 5040 train loss: 0.0025 Acc: 0.9688
iteration 5060 train loss: 0.0023 Acc: 0.9375
iteration 5080 train loss: 0.0032 Acc: 0.9219
iteration 5100 train loss: 0.0044 Acc: 0.8594
iteration 5120 train loss: 0.0028 Acc: 0.9531
iteration 5140 train loss: 0.0016 Acc: 0.9531
iteration 5160 train loss: 0.0011 Acc: 0.9844
iteration 5180 train loss: 0.0021 Acc: 0.9375
iteration 5200 train loss: 0.0016 Acc: 0.9531
iteration 5220 train loss: 0.0029 Acc: 0.9062
iteration 5240 train loss: 0.0020 Acc: 0.9375
iteration 5260 train loss: 0.0021 Acc: 0.9375
iteration 5280 train loss: 0.0022 Acc: 0.9531
epoch train loss: 0.0028 Acc: 0.9264
epoch val loss: 0.0110 Acc: 0.5590
Epoch 17/50
----------
iteration 5300 train loss: 0.0039 Acc: 0.9219
iteration 5320 train loss: 0.0026 Acc: 0.9219
iteration 5340 train loss: 0.0020 Acc: 0.9844
iteration 5360 train loss: 0.0030 Acc: 0.9062
iteration 5380 train loss: 0.0013 Acc: 0.9844
iteration 5400 train loss: 0.0020 Acc: 0.9375
iteration 5420 train loss: 0.0027 Acc: 0.9688
iteration 5440 train loss: 0.0019 Acc: 0.9688
iteration 5460 train loss: 0.0024 Acc: 0.9531
iteration 5480 train loss: 0.0017 Acc: 0.9219
iteration 5500 train loss: 0.0015 Acc: 0.9531
iteration 5520 train loss: 0.0036 Acc: 0.8594
iteration 5540 train loss: 0.0042 Acc: 0.8906
iteration 5560 train loss: 0.0012 Acc: 0.9688
iteration 5580 train loss: 0.0013 Acc: 0.9688
iteration 5600 train loss: 0.0017 Acc: 0.9688
iteration 5620 train loss: 0.0021 Acc: 0.9219
epoch train loss: 0.0027 Acc: 0.9276
epoch val loss: 0.0110 Acc: 0.5301
Epoch 18/50
----------
iteration 5640 train loss: 0.0033 Acc: 0.9219
iteration 5660 train loss: 0.0022 Acc: 0.9375
iteration 5680 train loss: 0.0026 Acc: 0.9062
iteration 5700 train loss: 0.0035 Acc: 0.8906
iteration 5720 train loss: 0.0033 Acc: 0.8750
iteration 5740 train loss: 0.0020 Acc: 0.9375
iteration 5760 train loss: 0.0016 Acc: 0.9531
iteration 5780 train loss: 0.0044 Acc: 0.9219
iteration 5800 train loss: 0.0022 Acc: 0.9375
iteration 5820 train loss: 0.0024 Acc: 0.9375
iteration 5840 train loss: 0.0029 Acc: 0.8750
iteration 5860 train loss: 0.0043 Acc: 0.9062
iteration 5880 train loss: 0.0021 Acc: 0.9688
iteration 5900 train loss: 0.0013 Acc: 0.9531
iteration 5920 train loss: 0.0017 Acc: 0.9688
iteration 5940 train loss: 0.0045 Acc: 0.8750
epoch train loss: 0.0026 Acc: 0.9284
epoch val loss: 0.0114 Acc: 0.5269
Epoch 19/50
----------
iteration 5960 train loss: 0.0027 Acc: 0.9062
iteration 5980 train loss: 0.0018 Acc: 0.9531
iteration 6000 train loss: 0.0021 Acc: 0.9531
iteration 6020 train loss: 0.0031 Acc: 0.9375
iteration 6040 train loss: 0.0040 Acc: 0.8906
iteration 6060 train loss: 0.0019 Acc: 0.9531
iteration 6080 train loss: 0.0022 Acc: 0.9844
iteration 6100 train loss: 0.0017 Acc: 0.9844
iteration 6120 train loss: 0.0034 Acc: 0.9062
iteration 6140 train loss: 0.0024 Acc: 0.9688
iteration 6160 train loss: 0.0017 Acc: 0.9531
iteration 6180 train loss: 0.0017 Acc: 0.9531
iteration 6200 train loss: 0.0032 Acc: 0.8750
iteration 6220 train loss: 0.0025 Acc: 0.9219
iteration 6240 train loss: 0.0020 Acc: 0.9531
iteration 6260 train loss: 0.0018 Acc: 0.9688
iteration 6280 train loss: 0.0032 Acc: 0.9062
epoch train loss: 0.0026 Acc: 0.9284
epoch val loss: 0.0112 Acc: 0.5391
Epoch 20/50
----------
iteration 6300 train loss: 0.0023 Acc: 0.9375
iteration 6320 train loss: 0.0032 Acc: 0.9062
iteration 6340 train loss: 0.0034 Acc: 0.8906
iteration 6360 train loss: 0.0025 Acc: 0.9219
iteration 6380 train loss: 0.0023 Acc: 0.9688
iteration 6400 train loss: 0.0030 Acc: 0.8906
iteration 6420 train loss: 0.0034 Acc: 0.9062
iteration 6440 train loss: 0.0019 Acc: 0.9844
iteration 6460 train loss: 0.0021 Acc: 0.9531
iteration 6480 train loss: 0.0015 Acc: 1.0000
iteration 6500 train loss: 0.0018 Acc: 0.9531
iteration 6520 train loss: 0.0020 Acc: 0.9531
iteration 6540 train loss: 0.0024 Acc: 0.9375
iteration 6560 train loss: 0.0015 Acc: 0.9844
iteration 6580 train loss: 0.0025 Acc: 0.9375
iteration 6600 train loss: 0.0041 Acc: 0.8906
iteration 6620 train loss: 0.0013 Acc: 0.8281
epoch train loss: 0.0025 Acc: 0.9319
epoch val loss: 0.0111 Acc: 0.5256
Epoch 21/50
----------
iteration 6640 train loss: 0.0021 Acc: 0.9531
iteration 6660 train loss: 0.0026 Acc: 0.9531
iteration 6680 train loss: 0.0027 Acc: 0.9375
iteration 6700 train loss: 0.0028 Acc: 0.9375
iteration 6720 train loss: 0.0014 Acc: 0.9688
iteration 6740 train loss: 0.0026 Acc: 0.8906
iteration 6760 train loss: 0.0020 Acc: 0.9531
iteration 6780 train loss: 0.0027 Acc: 0.9062
iteration 6800 train loss: 0.0019 Acc: 0.9531
iteration 6820 train loss: 0.0022 Acc: 0.9062
iteration 6840 train loss: 0.0034 Acc: 0.9219
iteration 6860 train loss: 0.0009 Acc: 0.9688
iteration 6880 train loss: 0.0031 Acc: 0.9219
iteration 6900 train loss: 0.0017 Acc: 0.9531
iteration 6920 train loss: 0.0015 Acc: 0.9531
iteration 6940 train loss: 0.0022 Acc: 0.9219
epoch train loss: 0.0025 Acc: 0.9311
epoch val loss: 0.0111 Acc: 0.5243
Epoch 22/50
----------
iteration 6960 train loss: 0.0056 Acc: 0.9062
iteration 6980 train loss: 0.0031 Acc: 0.9375
iteration 7000 train loss: 0.0015 Acc: 0.9688
iteration 7020 train loss: 0.0023 Acc: 0.9375
iteration 7040 train loss: 0.0026 Acc: 0.8906
iteration 7060 train loss: 0.0032 Acc: 0.9219
iteration 7080 train loss: 0.0018 Acc: 0.9531
iteration 7100 train loss: 0.0019 Acc: 0.9531
iteration 7120 train loss: 0.0030 Acc: 0.9062
iteration 7140 train loss: 0.0036 Acc: 0.9219
iteration 7160 train loss: 0.0033 Acc: 0.9062
iteration 7180 train loss: 0.0019 Acc: 0.9375
iteration 7200 train loss: 0.0029 Acc: 0.9375
iteration 7220 train loss: 0.0016 Acc: 0.9688
iteration 7240 train loss: 0.0026 Acc: 0.9375
iteration 7260 train loss: 0.0018 Acc: 0.9688
iteration 7280 train loss: 0.0036 Acc: 0.8906
epoch train loss: 0.0025 Acc: 0.9327
epoch val loss: 0.0110 Acc: 0.5277
Epoch 23/50
----------
iteration 7300 train loss: 0.0021 Acc: 0.9688
iteration 7320 train loss: 0.0021 Acc: 0.9375
iteration 7340 train loss: 0.0014 Acc: 0.9688
iteration 7360 train loss: 0.0028 Acc: 0.9062
iteration 7380 train loss: 0.0038 Acc: 0.9062
iteration 7400 train loss: 0.0016 Acc: 0.9531
iteration 7420 train loss: 0.0033 Acc: 0.9531
iteration 7440 train loss: 0.0029 Acc: 0.9219
iteration 7460 train loss: 0.0055 Acc: 0.9062
iteration 7480 train loss: 0.0028 Acc: 0.9375
iteration 7500 train loss: 0.0040 Acc: 0.9062
iteration 7520 train loss: 0.0043 Acc: 0.9062
iteration 7540 train loss: 0.0025 Acc: 0.9062
iteration 7560 train loss: 0.0015 Acc: 0.9688
iteration 7580 train loss: 0.0027 Acc: 0.9062
iteration 7600 train loss: 0.0020 Acc: 0.9531
epoch train loss: 0.0024 Acc: 0.9326
epoch val loss: 0.0111 Acc: 0.5290
Epoch 24/50
----------
iteration 7620 train loss: 0.0024 Acc: 0.9688
iteration 7640 train loss: 0.0019 Acc: 0.9375
iteration 7660 train loss: 0.0015 Acc: 0.9375
iteration 7680 train loss: 0.0024 Acc: 0.9375
iteration 7700 train loss: 0.0039 Acc: 0.9062
iteration 7720 train loss: 0.0016 Acc: 0.9844
iteration 7740 train loss: 0.0017 Acc: 0.9688
iteration 7760 train loss: 0.0013 Acc: 0.9531
iteration 7780 train loss: 0.0026 Acc: 0.9062
iteration 7800 train loss: 0.0020 Acc: 0.9688
iteration 7820 train loss: 0.0026 Acc: 0.9219
iteration 7840 train loss: 0.0025 Acc: 0.9375
iteration 7860 train loss: 0.0032 Acc: 0.9531
iteration 7880 train loss: 0.0024 Acc: 0.9219
iteration 7900 train loss: 0.0016 Acc: 0.9688
iteration 7920 train loss: 0.0048 Acc: 0.9219
iteration 7940 train loss: 0.0037 Acc: 0.9375
epoch train loss: 0.0025 Acc: 0.9341
epoch val loss: 0.0112 Acc: 0.5286
Epoch 25/50
----------
iteration 7960 train loss: 0.0027 Acc: 0.9375
iteration 7980 train loss: 0.0015 Acc: 0.9688
iteration 8000 train loss: 0.0030 Acc: 0.8750
iteration 8020 train loss: 0.0014 Acc: 1.0000
iteration 8040 train loss: 0.0015 Acc: 0.9844
iteration 8060 train loss: 0.0030 Acc: 0.8594
iteration 8080 train loss: 0.0019 Acc: 0.9219
iteration 8100 train loss: 0.0021 Acc: 0.9531
iteration 8120 train loss: 0.0035 Acc: 0.8438
iteration 8140 train loss: 0.0028 Acc: 0.9219
iteration 8160 train loss: 0.0021 Acc: 0.9375
iteration 8180 train loss: 0.0012 Acc: 0.9531
iteration 8200 train loss: 0.0037 Acc: 0.9219
iteration 8220 train loss: 0.0013 Acc: 0.9531
iteration 8240 train loss: 0.0030 Acc: 0.9531
iteration 8260 train loss: 0.0023 Acc: 0.9062
epoch train loss: 0.0024 Acc: 0.9354
epoch val loss: 0.0113 Acc: 0.5267
Epoch 26/50
----------
iteration 8280 train loss: 0.0038 Acc: 0.9062
iteration 8300 train loss: 0.0030 Acc: 0.9062
iteration 8320 train loss: 0.0020 Acc: 0.9531
iteration 8340 train loss: 0.0024 Acc: 0.9375
iteration 8360 train loss: 0.0029 Acc: 0.9219
iteration 8380 train loss: 0.0017 Acc: 0.9688
iteration 8400 train loss: 0.0017 Acc: 0.9688
iteration 8420 train loss: 0.0015 Acc: 0.9688
iteration 8440 train loss: 0.0012 Acc: 0.9688
iteration 8460 train loss: 0.0031 Acc: 0.8750
iteration 8480 train loss: 0.0038 Acc: 0.9375
iteration 8500 train loss: 0.0030 Acc: 0.9219
iteration 8520 train loss: 0.0020 Acc: 0.9688
iteration 8540 train loss: 0.0014 Acc: 0.9688
iteration 8560 train loss: 0.0030 Acc: 0.9062
iteration 8580 train loss: 0.0012 Acc: 0.9688
iteration 8600 train loss: 0.0025 Acc: 0.9219
epoch train loss: 0.0023 Acc: 0.9352
epoch val loss: 0.0113 Acc: 0.5228
Epoch 27/50
----------
iteration 8620 train loss: 0.0018 Acc: 0.9531
iteration 8640 train loss: 0.0012 Acc: 0.9688
iteration 8660 train loss: 0.0020 Acc: 0.9062
iteration 8680 train loss: 0.0025 Acc: 0.8906
iteration 8700 train loss: 0.0014 Acc: 0.9688
iteration 8720 train loss: 0.0019 Acc: 0.9688
iteration 8740 train loss: 0.0032 Acc: 0.9062
iteration 8760 train loss: 0.0023 Acc: 0.9062
iteration 8780 train loss: 0.0041 Acc: 0.8750
iteration 8800 train loss: 0.0019 Acc: 0.9375
iteration 8820 train loss: 0.0012 Acc: 0.9844
iteration 8840 train loss: 0.0025 Acc: 0.9375
iteration 8860 train loss: 0.0026 Acc: 0.8906
iteration 8880 train loss: 0.0030 Acc: 0.9062
iteration 8900 train loss: 0.0020 Acc: 0.9062
iteration 8920 train loss: 0.0029 Acc: 0.9062
epoch train loss: 0.0023 Acc: 0.9369
epoch val loss: 0.0113 Acc: 0.5290
Epoch 28/50
----------
iteration 8940 train loss: 0.0026 Acc: 0.9219
iteration 8960 train loss: 0.0026 Acc: 0.9219
iteration 8980 train loss: 0.0025 Acc: 0.9219
iteration 9000 train loss: 0.0024 Acc: 0.8750
iteration 9020 train loss: 0.0037 Acc: 0.9219
iteration 9040 train loss: 0.0025 Acc: 0.9219
iteration 9060 train loss: 0.0021 Acc: 0.9375
iteration 9080 train loss: 0.0040 Acc: 0.9375
iteration 9100 train loss: 0.0023 Acc: 0.9219
iteration 9120 train loss: 0.0033 Acc: 0.9062
iteration 9140 train loss: 0.0018 Acc: 0.9375
iteration 9160 train loss: 0.0017 Acc: 0.9531
iteration 9180 train loss: 0.0030 Acc: 0.9062
iteration 9200 train loss: 0.0021 Acc: 0.9531
iteration 9220 train loss: 0.0027 Acc: 0.9375
iteration 9240 train loss: 0.0020 Acc: 0.9219
iteration 9260 train loss: 0.0019 Acc: 0.9375
epoch train loss: 0.0022 Acc: 0.9399
epoch val loss: 0.0113 Acc: 0.5300
Epoch 29/50
----------
iteration 9280 train loss: 0.0045 Acc: 0.9219
iteration 9300 train loss: 0.0022 Acc: 0.9531
iteration 9320 train loss: 0.0010 Acc: 0.9531
iteration 9340 train loss: 0.0047 Acc: 0.9219
iteration 9360 train loss: 0.0017 Acc: 0.9375
iteration 9380 train loss: 0.0015 Acc: 0.9375
iteration 9400 train loss: 0.0022 Acc: 0.9531
iteration 9420 train loss: 0.0026 Acc: 0.9219
iteration 9440 train loss: 0.0023 Acc: 0.9219
iteration 9460 train loss: 0.0039 Acc: 0.9219
iteration 9480 train loss: 0.0018 Acc: 0.9531
iteration 9500 train loss: 0.0031 Acc: 0.9219
iteration 9520 train loss: 0.0019 Acc: 0.9375
iteration 9540 train loss: 0.0029 Acc: 0.9062
iteration 9560 train loss: 0.0028 Acc: 0.8750
iteration 9580 train loss: 0.0004 Acc: 1.0000
epoch train loss: 0.0023 Acc: 0.9361
epoch val loss: 0.0113 Acc: 0.5281
Epoch 30/50
----------
iteration 9600 train loss: 0.0022 Acc: 0.9062
iteration 9620 train loss: 0.0030 Acc: 0.8906
iteration 9640 train loss: 0.0026 Acc: 0.9219
iteration 9660 train loss: 0.0010 Acc: 0.9844
iteration 9680 train loss: 0.0014 Acc: 0.9531
iteration 9700 train loss: 0.0029 Acc: 0.9375
iteration 9720 train loss: 0.0022 Acc: 0.9375
iteration 9740 train loss: 0.0015 Acc: 0.9688
iteration 9760 train loss: 0.0018 Acc: 0.9219
iteration 9780 train loss: 0.0021 Acc: 0.9375
iteration 9800 train loss: 0.0027 Acc: 0.8906
iteration 9820 train loss: 0.0014 Acc: 0.9531
iteration 9840 train loss: 0.0016 Acc: 0.9531
iteration 9860 train loss: 0.0020 Acc: 0.9531
iteration 9880 train loss: 0.0022 Acc: 0.9375
iteration 9900 train loss: 0.0032 Acc: 0.9688
iteration 9920 train loss: 0.0021 Acc: 0.9375
epoch train loss: 0.0023 Acc: 0.9369
epoch val loss: 0.0112 Acc: 0.5319
Epoch 31/50
----------
iteration 9940 train loss: 0.0013 Acc: 0.9844
iteration 9960 train loss: 0.0030 Acc: 0.9531
iteration 9980 train loss: 0.0013 Acc: 0.9688
iteration 10000 train loss: 0.0017 Acc: 0.9375
iteration 10020 train loss: 0.0030 Acc: 0.9688
iteration 10040 train loss: 0.0010 Acc: 0.9844
iteration 10060 train loss: 0.0009 Acc: 0.9688
iteration 10080 train loss: 0.0057 Acc: 0.9062
iteration 10100 train loss: 0.0037 Acc: 0.9062
iteration 10120 train loss: 0.0028 Acc: 0.9062
iteration 10140 train loss: 0.0022 Acc: 0.9062
iteration 10160 train loss: 0.0012 Acc: 0.9688
iteration 10180 train loss: 0.0016 Acc: 0.9688
iteration 10200 train loss: 0.0020 Acc: 0.9688
iteration 10220 train loss: 0.0013 Acc: 0.9688
iteration 10240 train loss: 0.0027 Acc: 0.9375
iteration 10260 train loss: 0.0014 Acc: 0.9844
epoch train loss: 0.0022 Acc: 0.9408
epoch val loss: 0.0113 Acc: 0.5294
Epoch 32/50
----------
iteration 10280 train loss: 0.0019 Acc: 0.9375
iteration 10300 train loss: 0.0022 Acc: 0.9531
iteration 10320 train loss: 0.0036 Acc: 0.9531
iteration 10340 train loss: 0.0019 Acc: 0.9531
iteration 10360 train loss: 0.0023 Acc: 0.9375
iteration 10380 train loss: 0.0014 Acc: 0.9688
iteration 10400 train loss: 0.0033 Acc: 0.9062
iteration 10420 train loss: 0.0027 Acc: 0.9219
iteration 10440 train loss: 0.0027 Acc: 0.9375
iteration 10460 train loss: 0.0014 Acc: 0.9531
iteration 10480 train loss: 0.0021 Acc: 0.9531
iteration 10500 train loss: 0.0011 Acc: 0.9688
iteration 10520 train loss: 0.0018 Acc: 0.9531
iteration 10540 train loss: 0.0019 Acc: 0.9375
iteration 10560 train loss: 0.0026 Acc: 0.9219
iteration 10580 train loss: 0.0026 Acc: 0.9375
epoch train loss: 0.0023 Acc: 0.9366
epoch val loss: 0.0112 Acc: 0.5292
Epoch 33/50
----------
iteration 10600 train loss: 0.0021 Acc: 0.9531
iteration 10620 train loss: 0.0024 Acc: 0.9219
iteration 10640 train loss: 0.0019 Acc: 0.9219
iteration 10660 train loss: 0.0027 Acc: 0.9531
iteration 10680 train loss: 0.0019 Acc: 0.9219
iteration 10700 train loss: 0.0018 Acc: 0.9688
iteration 10720 train loss: 0.0017 Acc: 0.9531
iteration 10740 train loss: 0.0026 Acc: 0.9062
iteration 10760 train loss: 0.0021 Acc: 0.9219
iteration 10780 train loss: 0.0019 Acc: 0.9688
iteration 10800 train loss: 0.0023 Acc: 0.9062
iteration 10820 train loss: 0.0016 Acc: 0.9531
iteration 10840 train loss: 0.0022 Acc: 0.9531
iteration 10860 train loss: 0.0016 Acc: 0.9688
iteration 10880 train loss: 0.0021 Acc: 0.9375
iteration 10900 train loss: 0.0016 Acc: 0.9531
iteration 10920 train loss: 0.0019 Acc: 0.9844
epoch train loss: 0.0022 Acc: 0.9409
epoch val loss: 0.0112 Acc: 0.5290
Epoch 34/50
----------
iteration 10940 train loss: 0.0018 Acc: 0.9375
iteration 10960 train loss: 0.0023 Acc: 0.9375
iteration 10980 train loss: 0.0018 Acc: 0.9531
iteration 11000 train loss: 0.0030 Acc: 0.9375
iteration 11020 train loss: 0.0017 Acc: 0.9375
iteration 11040 train loss: 0.0023 Acc: 0.9375
iteration 11060 train loss: 0.0020 Acc: 0.9375
iteration 11080 train loss: 0.0014 Acc: 0.9688
iteration 11100 train loss: 0.0015 Acc: 0.9531
iteration 11120 train loss: 0.0016 Acc: 0.9688
iteration 11140 train loss: 0.0011 Acc: 0.9531
iteration 11160 train loss: 0.0029 Acc: 0.9531
iteration 11180 train loss: 0.0028 Acc: 0.9062
iteration 11200 train loss: 0.0043 Acc: 0.8750
iteration 11220 train loss: 0.0026 Acc: 0.9219
iteration 11240 train loss: 0.0010 Acc: 0.9844
epoch train loss: 0.0022 Acc: 0.9386
epoch val loss: 0.0112 Acc: 0.5252
Epoch 35/50
----------
iteration 11260 train loss: 0.0027 Acc: 0.9375
iteration 11280 train loss: 0.0019 Acc: 0.9375
iteration 11300 train loss: 0.0019 Acc: 0.9219
iteration 11320 train loss: 0.0014 Acc: 0.9688
iteration 11340 train loss: 0.0027 Acc: 0.9531
iteration 11360 train loss: 0.0029 Acc: 0.9531
iteration 11380 train loss: 0.0040 Acc: 0.8750
iteration 11400 train loss: 0.0029 Acc: 0.9219
iteration 11420 train loss: 0.0024 Acc: 0.9219
iteration 11440 train loss: 0.0014 Acc: 0.9531
iteration 11460 train loss: 0.0033 Acc: 0.8906
iteration 11480 train loss: 0.0035 Acc: 0.9062
iteration 11500 train loss: 0.0013 Acc: 0.9688
iteration 11520 train loss: 0.0028 Acc: 0.9062
iteration 11540 train loss: 0.0019 Acc: 0.9375
iteration 11560 train loss: 0.0023 Acc: 0.9219
iteration 11580 train loss: 0.0021 Acc: 0.9375
epoch train loss: 0.0022 Acc: 0.9376
epoch val loss: 0.0112 Acc: 0.5246
Epoch 36/50
----------
iteration 11600 train loss: 0.0019 Acc: 0.9219
iteration 11620 train loss: 0.0020 Acc: 0.9688
iteration 11640 train loss: 0.0022 Acc: 0.9062
iteration 11660 train loss: 0.0020 Acc: 0.9375
iteration 11680 train loss: 0.0026 Acc: 0.9062
iteration 11700 train loss: 0.0020 Acc: 0.9531
iteration 11720 train loss: 0.0033 Acc: 0.8750
iteration 11740 train loss: 0.0018 Acc: 0.9688
iteration 11760 train loss: 0.0023 Acc: 0.9062
iteration 11780 train loss: 0.0012 Acc: 0.9688
iteration 11800 train loss: 0.0019 Acc: 0.9375
iteration 11820 train loss: 0.0031 Acc: 0.8750
iteration 11840 train loss: 0.0028 Acc: 0.9531
iteration 11860 train loss: 0.0015 Acc: 0.9688
iteration 11880 train loss: 0.0021 Acc: 0.9219
iteration 11900 train loss: 0.0020 Acc: 0.9531
epoch train loss: 0.0022 Acc: 0.9415
epoch val loss: 0.0112 Acc: 0.5269
Epoch 37/50
----------
iteration 11920 train loss: 0.0014 Acc: 0.9531
iteration 11940 train loss: 0.0012 Acc: 0.9844
iteration 11960 train loss: 0.0013 Acc: 0.9688
iteration 11980 train loss: 0.0031 Acc: 0.9062
iteration 12000 train loss: 0.0012 Acc: 0.9688
iteration 12020 train loss: 0.0031 Acc: 0.9219
iteration 12040 train loss: 0.0015 Acc: 0.9688
iteration 12060 train loss: 0.0022 Acc: 0.9375
iteration 12080 train loss: 0.0015 Acc: 0.9531
iteration 12100 train loss: 0.0023 Acc: 0.9375
iteration 12120 train loss: 0.0009 Acc: 0.9688
iteration 12140 train loss: 0.0016 Acc: 0.9688
iteration 12160 train loss: 0.0016 Acc: 0.9375
iteration 12180 train loss: 0.0015 Acc: 0.9688
iteration 12200 train loss: 0.0014 Acc: 0.9531
iteration 12220 train loss: 0.0028 Acc: 0.9062
iteration 12240 train loss: 0.0016 Acc: 0.9375
epoch train loss: 0.0022 Acc: 0.9390
epoch val loss: 0.0112 Acc: 0.5264
Epoch 38/50
----------
iteration 12260 train loss: 0.0028 Acc: 0.9062
iteration 12280 train loss: 0.0007 Acc: 0.9844
iteration 12300 train loss: 0.0018 Acc: 0.9531
iteration 12320 train loss: 0.0023 Acc: 0.9375
iteration 12340 train loss: 0.0023 Acc: 0.9219
iteration 12360 train loss: 0.0036 Acc: 0.9219
iteration 12380 train loss: 0.0016 Acc: 0.9375
iteration 12400 train loss: 0.0026 Acc: 0.8906
iteration 12420 train loss: 0.0019 Acc: 0.9531
iteration 12440 train loss: 0.0014 Acc: 0.9688
iteration 12460 train loss: 0.0023 Acc: 0.9688
iteration 12480 train loss: 0.0050 Acc: 0.8906
iteration 12500 train loss: 0.0032 Acc: 0.8594
iteration 12520 train loss: 0.0028 Acc: 0.9219
iteration 12540 train loss: 0.0039 Acc: 0.8594
iteration 12560 train loss: 0.0010 Acc: 0.9844
epoch train loss: 0.0022 Acc: 0.9394
epoch val loss: 0.0112 Acc: 0.5284
Epoch 39/50
----------
iteration 12580 train loss: 0.0014 Acc: 0.9688
iteration 12600 train loss: 0.0023 Acc: 0.9531
iteration 12620 train loss: 0.0018 Acc: 0.9219
iteration 12640 train loss: 0.0017 Acc: 0.9375
iteration 12660 train loss: 0.0022 Acc: 0.9219
iteration 12680 train loss: 0.0025 Acc: 0.9375
iteration 12700 train loss: 0.0011 Acc: 0.9844
iteration 12720 train loss: 0.0020 Acc: 0.9375
iteration 12740 train loss: 0.0014 Acc: 0.9688
iteration 12760 train loss: 0.0032 Acc: 0.9062
iteration 12780 train loss: 0.0040 Acc: 0.9219
iteration 12800 train loss: 0.0015 Acc: 0.9688
iteration 12820 train loss: 0.0022 Acc: 0.9062
iteration 12840 train loss: 0.0021 Acc: 0.9219
iteration 12860 train loss: 0.0027 Acc: 0.9375
iteration 12880 train loss: 0.0028 Acc: 0.9062
iteration 12900 train loss: 0.0017 Acc: 0.9688
epoch train loss: 0.0021 Acc: 0.9424
epoch val loss: 0.0112 Acc: 0.5269
Epoch 40/50
----------
iteration 12920 train loss: 0.0015 Acc: 0.9375
iteration 12940 train loss: 0.0031 Acc: 0.8906
iteration 12960 train loss: 0.0014 Acc: 0.9844
iteration 12980 train loss: 0.0025 Acc: 0.9219
iteration 13000 train loss: 0.0017 Acc: 0.9688
iteration 13020 train loss: 0.0027 Acc: 0.8906
iteration 13040 train loss: 0.0014 Acc: 0.9688
iteration 13060 train loss: 0.0024 Acc: 0.9219
iteration 13080 train loss: 0.0034 Acc: 0.8906
iteration 13100 train loss: 0.0012 Acc: 0.9844
iteration 13120 train loss: 0.0041 Acc: 0.8594
iteration 13140 train loss: 0.0023 Acc: 0.9219
iteration 13160 train loss: 0.0030 Acc: 0.9531
iteration 13180 train loss: 0.0017 Acc: 0.9375
iteration 13200 train loss: 0.0012 Acc: 0.9844
iteration 13220 train loss: 0.0022 Acc: 0.9375
iteration 13240 train loss: 0.0029 Acc: 0.7969
epoch train loss: 0.0022 Acc: 0.9383
epoch val loss: 0.0112 Acc: 0.5265
Epoch 41/50
----------
iteration 13260 train loss: 0.0023 Acc: 0.9219
iteration 13280 train loss: 0.0009 Acc: 1.0000
iteration 13300 train loss: 0.0031 Acc: 0.9219
iteration 13320 train loss: 0.0031 Acc: 0.8906
iteration 13340 train loss: 0.0037 Acc: 0.9219
iteration 13360 train loss: 0.0051 Acc: 0.9062
iteration 13380 train loss: 0.0010 Acc: 0.9844
iteration 13400 train loss: 0.0011 Acc: 0.9688
iteration 13420 train loss: 0.0023 Acc: 0.9375
iteration 13440 train loss: 0.0015 Acc: 0.9688
iteration 13460 train loss: 0.0030 Acc: 0.9531
iteration 13480 train loss: 0.0026 Acc: 0.9375
iteration 13500 train loss: 0.0020 Acc: 0.9219
iteration 13520 train loss: 0.0015 Acc: 0.9688
iteration 13540 train loss: 0.0016 Acc: 0.9688
iteration 13560 train loss: 0.0020 Acc: 0.9375
epoch train loss: 0.0022 Acc: 0.9394
epoch val loss: 0.0113 Acc: 0.5256
Epoch 42/50
----------
iteration 13580 train loss: 0.0008 Acc: 0.9844
iteration 13600 train loss: 0.0016 Acc: 0.9688
iteration 13620 train loss: 0.0012 Acc: 0.9531
iteration 13640 train loss: 0.0026 Acc: 0.9375
iteration 13660 train loss: 0.0022 Acc: 0.9375
iteration 13680 train loss: 0.0038 Acc: 0.8750
iteration 13700 train loss: 0.0021 Acc: 0.9375
iteration 13720 train loss: 0.0028 Acc: 0.9375
iteration 13740 train loss: 0.0019 Acc: 0.9531
iteration 13760 train loss: 0.0025 Acc: 0.9219
iteration 13780 train loss: 0.0011 Acc: 0.9688
iteration 13800 train loss: 0.0016 Acc: 0.9531
iteration 13820 train loss: 0.0021 Acc: 0.9688
iteration 13840 train loss: 0.0044 Acc: 0.8594
iteration 13860 train loss: 0.0016 Acc: 0.9531
iteration 13880 train loss: 0.0019 Acc: 0.9219
iteration 13900 train loss: 0.0045 Acc: 0.8750
epoch train loss: 0.0022 Acc: 0.9386
epoch val loss: 0.0112 Acc: 0.5254
Epoch 43/50
----------
iteration 13920 train loss: 0.0031 Acc: 0.9219
iteration 13940 train loss: 0.0018 Acc: 0.9375
iteration 13960 train loss: 0.0023 Acc: 0.8906
iteration 13980 train loss: 0.0016 Acc: 0.9688
iteration 14000 train loss: 0.0017 Acc: 0.9375
iteration 14020 train loss: 0.0018 Acc: 0.9219
iteration 14040 train loss: 0.0011 Acc: 1.0000
iteration 14060 train loss: 0.0024 Acc: 0.9219
iteration 14080 train loss: 0.0025 Acc: 0.9375
iteration 14100 train loss: 0.0025 Acc: 0.9062
iteration 14120 train loss: 0.0015 Acc: 0.9688
iteration 14140 train loss: 0.0015 Acc: 0.9531
iteration 14160 train loss: 0.0013 Acc: 0.9688
iteration 14180 train loss: 0.0021 Acc: 0.9375
iteration 14200 train loss: 0.0015 Acc: 0.9375
iteration 14220 train loss: 0.0011 Acc: 0.9844
epoch train loss: 0.0022 Acc: 0.9396
epoch val loss: 0.0112 Acc: 0.5260
Epoch 44/50
----------
iteration 14240 train loss: 0.0020 Acc: 0.9062
iteration 14260 train loss: 0.0030 Acc: 0.9062
iteration 14280 train loss: 0.0019 Acc: 0.9375
iteration 14300 train loss: 0.0020 Acc: 0.9219
iteration 14320 train loss: 0.0015 Acc: 0.9531
iteration 14340 train loss: 0.0019 Acc: 0.9531
iteration 14360 train loss: 0.0034 Acc: 0.8906
iteration 14380 train loss: 0.0017 Acc: 0.9531
iteration 14400 train loss: 0.0013 Acc: 0.9688
iteration 14420 train loss: 0.0020 Acc: 0.9688
iteration 14440 train loss: 0.0017 Acc: 0.9688
iteration 14460 train loss: 0.0014 Acc: 0.9688
iteration 14480 train loss: 0.0036 Acc: 0.9688
iteration 14500 train loss: 0.0022 Acc: 0.9375
iteration 14520 train loss: 0.0035 Acc: 0.9062
iteration 14540 train loss: 0.0007 Acc: 1.0000
iteration 14560 train loss: 0.0031 Acc: 0.9219
epoch train loss: 0.0023 Acc: 0.9392
epoch val loss: 0.0112 Acc: 0.5260
Epoch 45/50
----------
iteration 14580 train loss: 0.0021 Acc: 0.9219
iteration 14600 train loss: 0.0016 Acc: 0.9688
iteration 14620 train loss: 0.0023 Acc: 0.9062
iteration 14640 train loss: 0.0023 Acc: 0.9219
iteration 14660 train loss: 0.0024 Acc: 0.9219
iteration 14680 train loss: 0.0015 Acc: 0.9531
iteration 14700 train loss: 0.0041 Acc: 0.8906
iteration 14720 train loss: 0.0017 Acc: 0.9531
iteration 14740 train loss: 0.0024 Acc: 0.9688
iteration 14760 train loss: 0.0015 Acc: 0.9844
iteration 14780 train loss: 0.0018 Acc: 0.9375
iteration 14800 train loss: 0.0017 Acc: 0.9531
iteration 14820 train loss: 0.0034 Acc: 0.9375
iteration 14840 train loss: 0.0020 Acc: 0.9062
iteration 14860 train loss: 0.0033 Acc: 0.8906
iteration 14880 train loss: 0.0027 Acc: 0.8906
epoch train loss: 0.0022 Acc: 0.9399
epoch val loss: 0.0112 Acc: 0.5258
Epoch 46/50
----------
iteration 14900 train loss: 0.0012 Acc: 0.9688
iteration 14920 train loss: 0.0028 Acc: 0.9219
iteration 14940 train loss: 0.0012 Acc: 0.9688
iteration 14960 train loss: 0.0012 Acc: 0.9688
iteration 14980 train loss: 0.0015 Acc: 0.9844
iteration 15000 train loss: 0.0042 Acc: 0.8750
iteration 15020 train loss: 0.0020 Acc: 0.9375
iteration 15040 train loss: 0.0028 Acc: 0.9531
iteration 15060 train loss: 0.0019 Acc: 0.9375
iteration 15080 train loss: 0.0011 Acc: 0.9688
iteration 15100 train loss: 0.0009 Acc: 0.9844
iteration 15120 train loss: 0.0023 Acc: 0.9531
iteration 15140 train loss: 0.0020 Acc: 0.9375
iteration 15160 train loss: 0.0019 Acc: 0.9531
iteration 15180 train loss: 0.0023 Acc: 0.9375
iteration 15200 train loss: 0.0020 Acc: 0.9219
iteration 15220 train loss: 0.0024 Acc: 0.9219
epoch train loss: 0.0022 Acc: 0.9427
epoch val loss: 0.0112 Acc: 0.5267
Epoch 47/50
----------
iteration 15240 train loss: 0.0022 Acc: 0.9375
iteration 15260 train loss: 0.0009 Acc: 0.9844
iteration 15280 train loss: 0.0012 Acc: 0.9688
iteration 15300 train loss: 0.0056 Acc: 0.9375
iteration 15320 train loss: 0.0015 Acc: 0.9844
iteration 15340 train loss: 0.0025 Acc: 0.9375
iteration 15360 train loss: 0.0019 Acc: 0.9531
iteration 15380 train loss: 0.0030 Acc: 0.8906
iteration 15400 train loss: 0.0022 Acc: 0.9219
iteration 15420 train loss: 0.0025 Acc: 0.9219
iteration 15440 train loss: 0.0022 Acc: 0.9375
iteration 15460 train loss: 0.0029 Acc: 0.8906
iteration 15480 train loss: 0.0027 Acc: 0.9688
iteration 15500 train loss: 0.0012 Acc: 0.9688
iteration 15520 train loss: 0.0011 Acc: 0.9688
iteration 15540 train loss: 0.0037 Acc: 0.9219
epoch train loss: 0.0022 Acc: 0.9391
epoch val loss: 0.0112 Acc: 0.5264
Epoch 48/50
----------
iteration 15560 train loss: 0.0027 Acc: 0.9062
iteration 15580 train loss: 0.0020 Acc: 0.9375
iteration 15600 train loss: 0.0025 Acc: 0.9375
iteration 15620 train loss: 0.0026 Acc: 0.9219
iteration 15640 train loss: 0.0040 Acc: 0.8906
iteration 15660 train loss: 0.0032 Acc: 0.9688
iteration 15680 train loss: 0.0030 Acc: 0.9375
iteration 15700 train loss: 0.0015 Acc: 0.9219
iteration 15720 train loss: 0.0017 Acc: 0.9531
iteration 15740 train loss: 0.0034 Acc: 0.8906
iteration 15760 train loss: 0.0020 Acc: 0.9062
iteration 15780 train loss: 0.0017 Acc: 0.9219
iteration 15800 train loss: 0.0030 Acc: 0.9062
iteration 15820 train loss: 0.0021 Acc: 0.9375
iteration 15840 train loss: 0.0012 Acc: 0.9688
iteration 15860 train loss: 0.0028 Acc: 0.9219
iteration 15880 train loss: 0.0025 Acc: 0.9219
epoch train loss: 0.0022 Acc: 0.9396
epoch val loss: 0.0112 Acc: 0.5254
Epoch 49/50
----------
iteration 15900 train loss: 0.0021 Acc: 0.9219
iteration 15920 train loss: 0.0015 Acc: 0.9688
iteration 15940 train loss: 0.0014 Acc: 0.9688
iteration 15960 train loss: 0.0018 Acc: 0.9219
iteration 15980 train loss: 0.0017 Acc: 0.9531
iteration 16000 train loss: 0.0030 Acc: 0.8906
iteration 16020 train loss: 0.0014 Acc: 0.9844
iteration 16040 train loss: 0.0036 Acc: 0.9062
iteration 16060 train loss: 0.0026 Acc: 0.9219
iteration 16080 train loss: 0.0025 Acc: 0.9219
iteration 16100 train loss: 0.0015 Acc: 0.9531
iteration 16120 train loss: 0.0022 Acc: 0.9062
iteration 16140 train loss: 0.0033 Acc: 0.9062
iteration 16160 train loss: 0.0018 Acc: 0.9531
iteration 16180 train loss: 0.0038 Acc: 0.9375
iteration 16200 train loss: 0.0018 Acc: 0.9531
epoch train loss: 0.0022 Acc: 0.9408
epoch val loss: 0.0112 Acc: 0.5243
Epoch 50/50
----------
iteration 16220 train loss: 0.0026 Acc: 0.9844
iteration 16240 train loss: 0.0027 Acc: 0.9375
iteration 16260 train loss: 0.0026 Acc: 0.9219
iteration 16280 train loss: 0.0010 Acc: 0.9844
iteration 16300 train loss: 0.0023 Acc: 0.9375
iteration 16320 train loss: 0.0025 Acc: 0.9531
iteration 16340 train loss: 0.0014 Acc: 0.9688
iteration 16360 train loss: 0.0040 Acc: 0.9375
iteration 16380 train loss: 0.0018 Acc: 0.9375
iteration 16400 train loss: 0.0016 Acc: 0.9688
iteration 16420 train loss: 0.0039 Acc: 0.9375
iteration 16440 train loss: 0.0030 Acc: 0.9062
iteration 16460 train loss: 0.0033 Acc: 0.9219
iteration 16480 train loss: 0.0031 Acc: 0.9219
iteration 16500 train loss: 0.0031 Acc: 0.9375
iteration 16520 train loss: 0.0018 Acc: 0.9531
iteration 16540 train loss: 0.0019 Acc: 0.9531
epoch train loss: 0.0022 Acc: 0.9402
epoch val loss: 0.0112 Acc: 0.5264
Best val Acc: 0.5643

real	26m19.983s
user	97m49.374s
sys	22m21.582s
